<?xml version="1.0" encoding="UTF-8"?>
<!-- Generated by org.testng.reporters.JUnitXMLReporter -->
<testsuite ignored="0" hostname="MacBook7528.local" failures="0" tests="3" name="Surefire test" time="0.515" errors="0" timestamp="2021-06-15T14:56:26 EEST">
  <testcase classname="pack01.BaseTest" name="@BeforeClass setup" time="0.323">
    <failure type="java.lang.NullPointerException">
      <![CDATA[java.lang.NullPointerException
at java.base/java.util.Objects.requireNonNull(Objects.java:222)
at org.openqa.selenium.support.ui.FluentWait.<init>(FluentWait.java:106)
at org.openqa.selenium.support.ui.WebDriverWait.<init>(WebDriverWait.java:85)
at org.openqa.selenium.support.ui.WebDriverWait.<init>(WebDriverWait.java:45)
at pack01.BaseTest.waitForBrowserRerndered(BaseTest.java:37)
at pack01.BaseTest.setup(BaseTest.java:32)
at java.base/java.util.ArrayList.forEach(ArrayList.java:1510)
... Removed 30 stack frames]]>
    </failure>
  </testcase> <!-- @BeforeClass setup -->
  <testcase classname="pack01.BaseTest" name="@AfterClass tearDown" time="-1.623758186648E9">
    <skipped/>
  </testcase> <!-- @AfterClass tearDown -->
  <testcase classname="pack01.BaseTest" name="@BeforeClass setup" time="0.11">
    <failure type="java.lang.NullPointerException">
      <![CDATA[java.lang.NullPointerException
at java.base/java.util.Objects.requireNonNull(Objects.java:222)
at org.openqa.selenium.support.ui.FluentWait.<init>(FluentWait.java:106)
at org.openqa.selenium.support.ui.WebDriverWait.<init>(WebDriverWait.java:85)
at org.openqa.selenium.support.ui.WebDriverWait.<init>(WebDriverWait.java:45)
at pack01.BaseTest.waitForBrowserRerndered(BaseTest.java:37)
at pack01.BaseTest.setup(BaseTest.java:32)
at java.base/java.util.ArrayList.forEach(ArrayList.java:1510)
... Removed 30 stack frames]]>
    </failure>
  </testcase> <!-- @BeforeClass setup -->
  <testcase classname="pack01.BaseTest" name="@AfterClass tearDown" time="-1.623758186769E9">
    <skipped/>
  </testcase> <!-- @AfterClass tearDown -->
  <testcase classname="pack01.tests.InspectModePageTest" name="testVerifyCountImagesElements" time="0.0">
    <skipped/>
  </testcase> <!-- testVerifyCountImagesElements -->
  <testcase classname="pack01.tests.InspectModePageTest" name="testVerifyRectangle6IsPresent" time="0.0">
    <skipped/>
  </testcase> <!-- testVerifyRectangle6IsPresent -->
  <testcase classname="pack01.tests.AuthPageTest" name="testPositiveLoginField" time="0.0">
    <skipped/>
  </testcase> <!-- testPositiveLoginField -->
</testsuite> <!-- Surefire test -->
