<?xml version="1.0" encoding="UTF-8"?>
<testsuite xmlns:xsi="http://www.w3.org/2001/XMLSchema-instance" xsi:noNamespaceSchemaLocation="https://maven.apache.org/surefire/maven-surefire-plugin/xsd/surefire-test-report.xsd" name="TestSuite" time="53.172" tests="3" errors="0" skipped="0" failures="2">
  <properties>
[...]
</properties>
  <testcase name="testVerifyCountImagesElements" classname="pack01.tests.InspectModePageTest" time="21.712">
    <failure message="element click intercepted: Element &lt;div align=&quot;left&quot; class=&quot;text sc-fMiknA ioeJqN styles__Root-sc-1myek4t-0 bHrtAq&quot;&gt;...&lt;/div&gt; is not clickable at point (1017, 23). Other element would receive the click: &lt;button aria-label=&quot;Click to close the overlay&quot; data-test-id=&quot;helios-dialog-overlay&quot; class=&quot;styles__Overlay-sc-1py4vnp-2 byqvbp&quot;&gt;&lt;/button&gt;&#10;  (Session info: chrome=91.0.4472.77)&#10;Build info: version: &apos;3.141.59&apos;, revision: &apos;e82be7d358&apos;, time: &apos;2018-11-14T08:17:03&apos;&#10;System info: host: &apos;MacBook7528.local&apos;, ip: &apos;fe80:0:0:0:1c07:1465:ad38:3879%en0&apos;, os.name: &apos;Mac OS X&apos;, os.arch: &apos;x86_64&apos;, os.version: &apos;10.15.7&apos;, java.version: &apos;14.0.1&apos;&#10;Driver info: org.openqa.selenium.chrome.ChromeDriver&#10;Capabilities {acceptInsecureCerts: false, browserName: chrome, browserVersion: 91.0.4472.77, chrome: {chromedriverVersion: 91.0.4472.19 (1bf021f248676..., userDataDir: /var/folders/gn/v3vkkk_52bx...}, goog:chromeOptions: {debuggerAddress: localhost:51821}, javascriptEnabled: true, networkConnectionEnabled: false, pageLoadStrategy: normal, platform: MAC, platformName: MAC, proxy: Proxy(), setWindowRect: true, strictFileInteractability: false, timeouts: {implicit: 0, pageLoad: 300000, script: 30000}, unhandledPromptBehavior: dismiss and notify, webauthn:extension:largeBlob: true, webauthn:virtualAuthenticators: true}&#10;Session ID: f21a05ba4c6829002187a4d792c8581d" type="org.openqa.selenium.ElementClickInterceptedException"><![CDATA[org.openqa.selenium.ElementClickInterceptedException: 
element click intercepted: Element <div align="left" class="text sc-fMiknA ioeJqN styles__Root-sc-1myek4t-0 bHrtAq">...</div> is not clickable at point (1017, 23). Other element would receive the click: <button aria-label="Click to close the overlay" data-test-id="helios-dialog-overlay" class="styles__Overlay-sc-1py4vnp-2 byqvbp"></button>
  (Session info: chrome=91.0.4472.77)
Build info: version: '3.141.59', revision: 'e82be7d358', time: '2018-11-14T08:17:03'
System info: host: 'MacBook7528.local', ip: 'fe80:0:0:0:1c07:1465:ad38:3879%en0', os.name: 'Mac OS X', os.arch: 'x86_64', os.version: '10.15.7', java.version: '14.0.1'
Driver info: org.openqa.selenium.chrome.ChromeDriver
Capabilities {acceptInsecureCerts: false, browserName: chrome, browserVersion: 91.0.4472.77, chrome: {chromedriverVersion: 91.0.4472.19 (1bf021f248676..., userDataDir: /var/folders/gn/v3vkkk_52bx...}, goog:chromeOptions: {debuggerAddress: localhost:51821}, javascriptEnabled: true, networkConnectionEnabled: false, pageLoadStrategy: normal, platform: MAC, platformName: MAC, proxy: Proxy(), setWindowRect: true, strictFileInteractability: false, timeouts: {implicit: 0, pageLoad: 300000, script: 30000}, unhandledPromptBehavior: dismiss and notify, webauthn:extension:largeBlob: true, webauthn:virtualAuthenticators: true}
Session ID: f21a05ba4c6829002187a4d792c8581d
	at pack01.tests.InspectModePageTest.testVerifyCountImagesElements(InspectModePageTest.java:49)
]]></failure>
    <system-err><![CDATA[Jun 10, 2021 6:21:50 PM pack01.BaseTest setup
INFO: Setup driver and navigate to baseURL
Starting ChromeDriver 91.0.4472.19 (1bf021f248676a0b2ab3ee0561d83a59e424c23e-refs/branch-heads/4472@{#288}) on port 46972
Only local connections are allowed.
Please see https://chromedriver.chromium.org/security-considerations for suggestions on keeping ChromeDriver safe.
ChromeDriver was started successfully.
Jun 10, 2021 6:21:54 PM org.openqa.selenium.remote.ProtocolHandshake createSession
INFO: Detected dialect: W3C
Jun 10, 2021 6:21:54 PM pack01.Page <init>
INFO: Page construction
Jun 10, 2021 6:21:54 PM pack01.Page openUrl
INFO: Openning the URL
Jun 10, 2021 6:21:58 PM pack01.Page authPage
INFO: Instantiating the Authentication Page
Jun 10, 2021 6:21:58 PM pack01.pages.AuthPage <init>
INFO: Auth Page construction
Jun 10, 2021 6:21:58 PM pack01.pages.AuthPage verifyAuthH1Title
INFO: Verifying Auth Page H1 Title
Jun 10, 2021 6:21:58 PM pack01.pages.AuthPage inputUserLogin
INFO: Imputing user login
Jun 10, 2021 6:21:58 PM pack01.Page typeText
INFO: Writing Text using Selector
Jun 10, 2021 6:21:59 PM pack01.pages.AuthPage inputUserPassword
INFO: Imputing user password
Jun 10, 2021 6:21:59 PM pack01.Page click
INFO: Clicking on the selector
Jun 10, 2021 6:21:59 PM pack01.Page typeText
INFO: Writing Text using Selector
Jun 10, 2021 6:22:01 PM pack01.pages.AuthPage clickButton
INFO: Clicking the sign in button
Jun 10, 2021 6:22:01 PM pack01.pages.AuthPage isElementPresent
INFO: Checking if [By.xpath: //button[normalize-space()='Sign in']] element is present
Jun 10, 2021 6:22:01 PM pack01.Page click
INFO: Clicking on the selector
Jun 10, 2021 6:22:04 PM pack01.Page homePage
INFO: Instantiating the Home Page
Jun 10, 2021 6:22:04 PM pack01.pages.HomePage <init>
INFO: Home Page construction
Jun 10, 2021 6:22:04 PM pack01.pages.HomePage getCurrentUrl
INFO: Getting the Current Url
Jun 10, 2021 6:22:04 PM pack01.pages.HomePage clickOnAssetsDoc
INFO: Clicking On Assets Doc
Jun 10, 2021 6:22:04 PM pack01.Page click
INFO: Clicking on the selector
Jun 10, 2021 6:22:05 PM pack01.Page docPage
INFO: Instantiating the Documentation Page
Jun 10, 2021 6:22:07 PM pack01.Page click
INFO: Clicking on the selector
Jun 10, 2021 6:22:12 PM pack01.Page assetsScreenPage
INFO: Instantiating the Assets Screen Page
Jun 10, 2021 6:22:12 PM pack01.Page click
INFO: Clicking on the selector
Jun 10, 2021 6:22:15 PM pack01.Page inspectModePage
INFO: Instantiating the Inspect Mode Page
Jun 10, 2021 6:22:15 PM pack01.pages.InspectModePage <init>
INFO: Inspect Mode Page construction
Jun 10, 2021 6:22:15 PM pack01.pages.InspectModePage verifyAssetsPresent
INFO: Verifying if Assets tab is Present
Jun 10, 2021 6:22:15 PM pack01.pages.InspectModePage isElementPresent
INFO: Checking if [By.xpath: //div[normalize-space()='Assets']//div] element is present
Jun 10, 2021 6:22:15 PM pack01.pages.InspectModePage verifyAssetsPresent
INFO: Verifying if Assets tab is Present
Jun 10, 2021 6:22:15 PM pack01.pages.InspectModePage isElementPresent
INFO: Checking if [By.xpath: //div[normalize-space()='Assets']//div] element is present
Jun 10, 2021 6:22:15 PM pack01.pages.InspectModePage clickAssets
INFO: Clicking On Assets tab
Jun 10, 2021 6:22:15 PM pack01.Page click
INFO: Clicking on the selector
]]></system-err>
  </testcase>
  <testcase name="testVerifyRectangle6IsPresent" classname="pack01.tests.InspectModePageTest" time="7.543">
    <failure message="Cannot locate an element using xpath=//h1[normalize-space()=&apos;Sign in to Chrome&apos;]&#10;For documentation on this error, please visit: https://www.seleniumhq.org/exceptions/no_such_element.html&#10;Build info: version: &apos;3.141.59&apos;, revision: &apos;e82be7d358&apos;, time: &apos;2018-11-14T08:17:03&apos;&#10;System info: host: &apos;MacBook7528.local&apos;, ip: &apos;fe80:0:0:0:1c07:1465:ad38:3879%en0&apos;, os.name: &apos;Mac OS X&apos;, os.arch: &apos;x86_64&apos;, os.version: &apos;10.15.7&apos;, java.version: &apos;14.0.1&apos;&#10;Driver info: driver.version: RemoteWebDriver" type="org.openqa.selenium.NoSuchElementException">org.openqa.selenium.NoSuchElementException: 
Cannot locate an element using xpath=//h1[normalize-space()='Sign in to Chrome']
For documentation on this error, please visit: https://www.seleniumhq.org/exceptions/no_such_element.html
Build info: version: '3.141.59', revision: 'e82be7d358', time: '2018-11-14T08:17:03'
System info: host: 'MacBook7528.local', ip: 'fe80:0:0:0:1c07:1465:ad38:3879%en0', os.name: 'Mac OS X', os.arch: 'x86_64', os.version: '10.15.7', java.version: '14.0.1'
Driver info: driver.version: RemoteWebDriver
	at pack01.tests.InspectModePageTest.testVerifyRectangle6IsPresent(InspectModePageTest.java:10)
</failure>
    <system-err><![CDATA[Jun 10, 2021 6:22:16 PM pack01.Page openUrl
INFO: Openning the URL
Jun 10, 2021 6:22:18 PM pack01.Page authPage
INFO: Instantiating the Authentication Page
Jun 10, 2021 6:22:18 PM pack01.pages.AuthPage verifyAuthH1Title
INFO: Verifying Auth Page H1 Title
[1623338543.971][SEVERE]: Unable to receive message from renderer
]]></system-err>
  </testcase>
  <testcase name="testPositiveLoginField" classname="pack01.tests.AuthPageTest" time="10.749"/>
</testsuite>