<?xml version="1.0" encoding="UTF-8"?>
<testng-results ignored="0" total="2" passed="2" failed="0" skipped="0">
  <reporter-output>
  </reporter-output>
  <suite started-at="2021-06-16T14:36:20 EEST" name="Surefire suite" finished-at="2021-06-16T14:36:46 EEST" duration-ms="25672">
    <groups>
    </groups>
    <test started-at="2021-06-16T14:36:20 EEST" name="Surefire test" finished-at="2021-06-16T14:36:46 EEST" duration-ms="25672">
      <class name="pack01.tests.AuthPageTest">
        <test-method is-config="true" signature="setup()[pri:0, instance:pack01.tests.AuthPageTest@4fcd19b3]" started-at="2021-06-16T14:36:40 EEST" name="setup" description="Prepare init setup" finished-at="2021-06-16T14:36:41 EEST" duration-ms="1495" status="PASS">
          <reporter-output>
          </reporter-output>
        </test-method> <!-- setup -->
        <test-method signature="testPositiveLoginField()[pri:0, instance:pack01.tests.AuthPageTest@4fcd19b3]" started-at="2021-06-16T14:36:41 EEST" name="testPositiveLoginField" finished-at="2021-06-16T14:36:46 EEST" duration-ms="4623" status="PASS">
          <reporter-output>
          </reporter-output>
        </test-method> <!-- testPositiveLoginField -->
        <test-method is-config="true" signature="tearDown()[pri:0, instance:pack01.tests.AuthPageTest@4fcd19b3]" started-at="2021-06-16T14:36:46 EEST" name="tearDown" description="Close browser" finished-at="2021-06-16T14:36:46 EEST" duration-ms="173" status="PASS">
          <reporter-output>
          </reporter-output>
        </test-method> <!-- tearDown -->
      </class> <!-- pack01.tests.AuthPageTest -->
      <class name="pack01.tests.InspectModePageTest">
        <test-method is-config="true" signature="setup()[pri:0, instance:pack01.tests.InspectModePageTest@2f0a87b3]" started-at="2021-06-16T14:36:20 EEST" name="setup" description="Prepare init setup" finished-at="2021-06-16T14:36:22 EEST" duration-ms="2244" status="PASS">
          <reporter-output>
          </reporter-output>
        </test-method> <!-- setup -->
        <test-method signature="testVerifyRectangle6IsPresent()[pri:0, instance:pack01.tests.InspectModePageTest@2f0a87b3]" started-at="2021-06-16T14:36:23 EEST" name="testVerifyRectangle6IsPresent" finished-at="2021-06-16T14:36:39 EEST" duration-ms="16899" status="PASS">
          <reporter-output>
          </reporter-output>
        </test-method> <!-- testVerifyRectangle6IsPresent -->
        <test-method is-config="true" signature="tearDown()[pri:0, instance:pack01.tests.InspectModePageTest@2f0a87b3]" started-at="2021-06-16T14:36:39 EEST" name="tearDown" description="Close browser" finished-at="2021-06-16T14:36:40 EEST" duration-ms="207" status="PASS">
          <reporter-output>
          </reporter-output>
        </test-method> <!-- tearDown -->
      </class> <!-- pack01.tests.InspectModePageTest -->
    </test> <!-- Surefire test -->
  </suite> <!-- Surefire suite -->
</testng-results>
